<?xml version="1.0" encoding="UTF-8"?>
<testsuite name="com.trello.qa.tests.UserModificationTests" tests="1" skipped="0" failures="0" errors="0" timestamp="2019-10-10T18:10:52" hostname="Lena-Toshiba" time="20.818">
  <properties/>
  <testcase name="changeAvatarTest" classname="com.trello.qa.tests.UserModificationTests" time="20.818"/>
  <system-out><![CDATA[21:10:52.290 [Test worker] INFO  com.trello.qa.tests.TestBase - start test changeAvatarTest with parameters []
21:11:01.059 [Test worker] INFO  c.t.q.m.ApplicationManager$MyListener - By.cssSelector: [data-test-id='header-member-menu-button'] found
21:11:01.222 [Test worker] INFO  c.t.q.m.ApplicationManager$MyListener - By.cssSelector: [data-test-id='header-member-menu-profile'] found
21:11:02.562 [Test worker] INFO  c.t.q.m.ApplicationManager$MyListener - By.cssSelector: .rsiNque2CCqtPE found
21:11:03.073 [Test worker] INFO  c.t.q.m.ApplicationManager$MyListener - By.name: file found
21:11:13.112 [Test worker] INFO  com.trello.qa.tests.TestBase - stop test changeAvatarTest
------------------------------------------------------------------------
]]></system-out>
  <system-err><![CDATA[]]></system-err>
</testsuite>
